{"uuid":"cd8c1b64-1f2f-4d0b-bcdf-4214c6b5b413","name":"runner.Runner","children":[],"befores":[{"name":"setUpClass","stage":"running","description":"","steps":[],"attachments":[],"parameters":[],"start":1613675367347},{"name":"setUpClass","status":"broken","statusDetails":{"known":false,"muted":false,"flaky":false,"message":"Couldn't load plugin class: pretty, html","trace":"cucumber.runtime.CucumberException: Couldn't load plugin class: pretty, html\r\n\tat cucumber.runtime.formatter.PluginFactory.loadClass(PluginFactory.java:178)\r\n\tat cucumber.runtime.formatter.PluginFactory.pluginClass(PluginFactory.java:163)\r\n\tat cucumber.runtime.formatter.PluginFactory.getPluginClass(PluginFactory.java:220)\r\n\tat cucumber.runtime.formatter.PluginFactory.isStepDefinitionReporterName(PluginFactory.java:203)\r\n\tat cucumber.runtime.RuntimeOptions$ParsedPluginData.addPluginName(RuntimeOptions.java:386)\r\n\tat cucumber.runtime.RuntimeOptions.parse(RuntimeOptions.java:165)\r\n\tat cucumber.runtime.RuntimeOptions.<init>(RuntimeOptions.java:108)\r\n\tat cucumber.runtime.RuntimeOptions.<init>(RuntimeOptions.java:101)\r\n\tat cucumber.runtime.RuntimeOptions.<init>(RuntimeOptions.java:97)\r\n\tat cucumber.runtime.RuntimeOptionsFactory.create(RuntimeOptionsFactory.java:23)\r\n\tat cucumber.api.testng.TestNGCucumberRunner.<init>(TestNGCucumberRunner.java:49)\r\n\tat cucumber.api.testng.AbstractTestNGCucumberTests.setUpClass(AbstractTestNGCucumberTests.java:16)\r\n\tat sun.reflect.NativeMethodAccessorImpl.invoke0(Native Method)\r\n\tat sun.reflect.NativeMethodAccessorImpl.invoke(NativeMethodAccessorImpl.java:62)\r\n\tat sun.reflect.DelegatingMethodAccessorImpl.invoke(DelegatingMethodAccessorImpl.java:43)\r\n\tat java.lang.reflect.Method.invoke(Method.java:498)\r\n\tat org.testng.internal.MethodInvocationHelper.invokeMethod(MethodInvocationHelper.java:84)\r\n\tat org.testng.internal.Invoker.invokeConfigurationMethod(Invoker.java:564)\r\n\tat org.testng.internal.Invoker.invokeConfigurations(Invoker.java:213)\r\n\tat org.testng.internal.Invoker.invokeConfigurations(Invoker.java:138)\r\n\tat org.testng.internal.TestMethodWorker.invokeBeforeClassMethods(TestMethodWorker.java:175)\r\n\tat org.testng.internal.TestMethodWorker.run(TestMethodWorker.java:107)\r\n\tat org.testng.TestRunner.privateRun(TestRunner.java:767)\r\n\tat org.testng.TestRunner.run(TestRunner.java:617)\r\n\tat org.testng.SuiteRunner.runTest(SuiteRunner.java:348)\r\n\tat org.testng.SuiteRunner.runSequentially(SuiteRunner.java:343)\r\n\tat org.testng.SuiteRunner.privateRun(SuiteRunner.java:305)\r\n\tat org.testng.SuiteRunner.run(SuiteRunner.java:254)\r\n\tat org.testng.SuiteRunnerWorker.runSuite(SuiteRunnerWorker.java:52)\r\n\tat org.testng.SuiteRunnerWorker.run(SuiteRunnerWorker.java:86)\r\n\tat org.testng.TestNG.runSuitesSequentially(TestNG.java:1224)\r\n\tat org.testng.TestNG.runSuitesLocally(TestNG.java:1149)\r\n\tat org.testng.TestNG.run(TestNG.java:1057)\r\n\tat com.intellij.rt.testng.IDEARemoteTestNG.run(IDEARemoteTestNG.java:66)\r\n\tat com.intellij.rt.testng.RemoteTestNGStarter.main(RemoteTestNGStarter.java:109)\r\nCaused by: java.lang.ClassNotFoundException: pretty, html\r\n\tat java.net.URLClassLoader.findClass(URLClassLoader.java:382)\r\n\tat java.lang.ClassLoader.loadClass(ClassLoader.java:418)\r\n\tat sun.misc.Launcher$AppClassLoader.loadClass(Launcher.java:355)\r\n\tat java.lang.ClassLoader.loadClass(ClassLoader.java:351)\r\n\tat cucumber.runtime.formatter.PluginFactory.loadClass(PluginFactory.java:171)\r\n\t... 34 more\r\n"},"stage":"finished","description":"","steps":[],"attachments":[],"parameters":[],"start":1613675367351,"stop":1613675367422}],"afters":[{"name":"tearDownClass","stage":"running","description":"","steps":[],"attachments":[],"parameters":[],"start":1613675367630},{"name":"tearDownClass","status":"passed","stage":"finished","description":"","steps":[],"attachments":[],"parameters":[],"start":1613675367630,"stop":1613675367630}],"links":[],"start":1613675367319,"stop":1613675367642}